<?xml version="1.0" encoding="UTF-8"?>
<!-- Generated by org.testng.reporters.JUnitXMLReporter -->
<testsuite hostname="L480-GUPATIL" ignored="0" name="Smoke" tests="4" failures="1" timestamp="18 Sep 2019 19:12:50 GMT" time="18.544" errors="0">
  <testcase name="verifyInocrrectOldPassword" time="1.355" classname="com.guru99bank.web.ChangePasswordPageTest"/>
  <testcase name="verifyUpdatePassword" time="0.818" classname="com.guru99bank.web.ChangePasswordPageTest">
    <skipped/>
  </testcase> <!-- verifyUpdatePassword -->
  <testcase name="verifyUpdatePassword" time="0.622" classname="com.guru99bank.web.ChangePasswordPageTest">
    <skipped/>
  </testcase> <!-- verifyUpdatePassword -->
  <testcase name="verifyUpdatePassword" time="0.555" classname="com.guru99bank.web.ChangePasswordPageTest">
    <failure type="java.lang.AssertionError" message="expected [Password is Changed] but found [Please fill all fields]">
      <![CDATA[java.lang.AssertionError: expected [Password is Changed] but found [Please fill all fields]
at com.guru99bank.web.ChangePasswordPageTest.verifyUpdatePassword(ChangePasswordPageTest.java:61)
... Removed 31 stack frames]]>
    </failure>
  </testcase> <!-- verifyUpdatePassword -->
</testsuite> <!-- Smoke -->
