<?xml version="1.0" encoding="UTF-8"?>
<!-- Generated by org.testng.reporters.JUnitReportReporter -->
<testsuite skipped="2" hostname="L480-GUPATIL" name="com.guru99bank.web.ChangePasswordPageTest" tests="4" failures="1" timestamp="18 Sep 2019 11:20:04 GMT" time="49.850" errors="0">
  <testcase name="verifyInocrrectOldPassword" time="1.992" classname="com.guru99bank.web.ChangePasswordPageTest"/>
  <testcase name="verifyUpdatePassword" time="0.533" classname="com.guru99bank.web.ChangePasswordPageTest">
    <skipped/>
  </testcase> <!-- verifyUpdatePassword -->
  <testcase name="verifyUpdatePassword" time="0.560" classname="com.guru99bank.web.ChangePasswordPageTest">
    <failure type="java.lang.AssertionError" message="expected [Password is Changed] but found [Please fill all fields]">
      <![CDATA[java.lang.AssertionError: expected [Password is Changed] but found [Please fill all fields]
at org.testng.Assert.fail(Assert.java:96)
at org.testng.Assert.failNotEquals(Assert.java:776)
at org.testng.Assert.assertEqualsImpl(Assert.java:137)
at org.testng.Assert.assertEquals(Assert.java:118)
at org.testng.Assert.assertEquals(Assert.java:453)
at org.testng.Assert.assertEquals(Assert.java:463)
at com.guru99bank.web.ChangePasswordPageTest.verifyUpdatePassword(ChangePasswordPageTest.java:53)
at sun.reflect.NativeMethodAccessorImpl.invoke0(Native Method)
at sun.reflect.NativeMethodAccessorImpl.invoke(NativeMethodAccessorImpl.java:62)
at sun.reflect.DelegatingMethodAccessorImpl.invoke(DelegatingMethodAccessorImpl.java:43)
at java.lang.reflect.Method.invoke(Method.java:498)
at org.testng.internal.MethodInvocationHelper.invokeMethod(MethodInvocationHelper.java:124)
at org.testng.internal.Invoker.invokeMethod(Invoker.java:583)
at org.testng.internal.Invoker.retryFailed(Invoker.java:839)
at org.testng.internal.Invoker.invokeTestMethods(Invoker.java:1010)
at org.testng.internal.TestMethodWorker.invokeTestMethods(TestMethodWorker.java:125)
at org.testng.internal.TestMethodWorker.run(TestMethodWorker.java:109)
at java.util.concurrent.ThreadPoolExecutor.runWorker(ThreadPoolExecutor.java:1149)
at java.util.concurrent.ThreadPoolExecutor$Worker.run(ThreadPoolExecutor.java:624)
at java.lang.Thread.run(Thread.java:748)
]]>
    </failure>
  </testcase> <!-- verifyUpdatePassword -->
  <testcase name="verifyUpdatePassword" time="46.765" classname="com.guru99bank.web.ChangePasswordPageTest">
    <skipped/>
  </testcase> <!-- verifyUpdatePassword -->
</testsuite> <!-- com.guru99bank.web.ChangePasswordPageTest -->
